This file contains any messages produced by compilers while
running configure, to aid debugging if configure makes a mistake.

It was created by maze_offscreen configure 0.8, which was
generated by GNU Autoconf 2.69.  Invocation command line was

  $ ../configure 

## --------- ##
## Platform. ##
## --------- ##

hostname = ponybook
uname -m = x86_64
uname -r = 4.0.0-pf6
uname -s = Linux
uname -v = #1 SMP PREEMPT Wed Jul 1 16:27:40 MSK 2015

/usr/bin/uname -p = Intel(R) Core(TM) i5-2520M CPU @ 2.50GHz
/bin/uname -X     = unknown

/bin/arch              = unknown
/usr/bin/arch -k       = unknown
/usr/convex/getsysinfo = unknown
/usr/bin/hostinfo      = unknown
/bin/machine           = unknown
/usr/bin/oslevel       = unknown
/bin/universe          = unknown

PATH: /usr/local/bin
PATH: /usr/bin
PATH: /bin
PATH: /opt/bin
PATH: /usr/x86_64-pc-linux-gnu/gcc-bin/4.9.2
PATH: /opt/android-ndk
PATH: /opt/android-ndk/toolchains/aarch64-linux-android-4.9/prebuilt/linux-x86_64/bin
PATH: /opt/android-ndk/toolchains/arm-linux-androideabi-4.8/prebuilt/linux-x86_64/bin
PATH: /opt/android-ndk/toolchains/arm-linux-androideabi-4.9/prebuilt/linux-x86_64/bin
PATH: /opt/android-ndk/toolchains/llvm-3.5/prebuilt/linux-x86_64/bin
PATH: /opt/android-ndk/toolchains/llvm-3.6/prebuilt/linux-x86_64/bin
PATH: /opt/android-ndk/toolchains/mips64el-linux-android-4.9/prebuilt/linux-x86_64/bin
PATH: /opt/android-ndk/toolchains/mipsel-linux-android-4.8/prebuilt/linux-x86_64/bin
PATH: /opt/android-ndk/toolchains/mipsel-linux-android-4.9/prebuilt/linux-x86_64/bin
PATH: /opt/android-ndk/toolchains/renderscript/prebuilt/linux-x86_64/bin
PATH: /opt/android-ndk/toolchains/x86-4.8/prebuilt/linux-x86_64/bin
PATH: /opt/android-ndk/toolchains/x86-4.9/prebuilt/linux-x86_64/bin
PATH: /opt/android-ndk/toolchains/x86_64-4.9/prebuilt/linux-x86_64/bin
PATH: /opt/android-sdk-update-manager/tools
PATH: /opt/android-sdk-update-manager/platform-tools
PATH: /usr/lib64/subversion/bin


## ----------- ##
## Core tests. ##
## ----------- ##

configure:2242: checking for a BSD-compatible install
configure:2310: result: /usr/bin/install -c
configure:2321: checking whether build environment is sane
configure:2376: result: yes
configure:2527: checking for a thread-safe mkdir -p
configure:2566: result: /bin/mkdir -p
configure:2573: checking for gawk
configure:2589: found /usr/bin/gawk
configure:2600: result: gawk
configure:2611: checking whether make sets $(MAKE)
configure:2633: result: yes
configure:2662: checking whether make supports nested variables
configure:2679: result: yes
configure:2859: checking for gcc
configure:2875: found /usr/bin/gcc
configure:2886: result: gcc
configure:3115: checking for C compiler version
configure:3124: gcc --version >&5
gcc (Gentoo 4.9.2 p1.5, pie-0.6.2) 4.9.2
Copyright (C) 2014 Free Software Foundation, Inc.
This is free software; see the source for copying conditions.  There is NO
warranty; not even for MERCHANTABILITY or FITNESS FOR A PARTICULAR PURPOSE.

configure:3135: $? = 0
configure:3124: gcc -v >&5
Using built-in specs.
COLLECT_GCC=/usr/x86_64-pc-linux-gnu/gcc-bin/4.9.2/gcc
COLLECT_LTO_WRAPPER=/usr/libexec/gcc/x86_64-pc-linux-gnu/4.9.2/lto-wrapper
Target: x86_64-pc-linux-gnu
Configured with: /var/tmp/portage/sys-devel/gcc-4.9.2/work/gcc-4.9.2/configure --host=x86_64-pc-linux-gnu --build=x86_64-pc-linux-gnu --prefix=/usr --bindir=/usr/x86_64-pc-linux-gnu/gcc-bin/4.9.2 --includedir=/usr/lib/gcc/x86_64-pc-linux-gnu/4.9.2/include --datadir=/usr/share/gcc-data/x86_64-pc-linux-gnu/4.9.2 --mandir=/usr/share/gcc-data/x86_64-pc-linux-gnu/4.9.2/man --infodir=/usr/share/gcc-data/x86_64-pc-linux-gnu/4.9.2/info --with-gxx-include-dir=/usr/lib/gcc/x86_64-pc-linux-gnu/4.9.2/include/g++-v4 --with-python-dir=/share/gcc-data/x86_64-pc-linux-gnu/4.9.2/python --enable-languages=c,c++,fortran --enable-obsolete --enable-secureplt --disable-werror --with-system-zlib --enable-nls --without-included-gettext --enable-checking=release --with-bugurl=https://bugs.gentoo.org/ --with-pkgversion='Gentoo 4.9.2 p1.5, pie-0.6.2' --enable-libstdcxx-time --enable-shared --enable-threads=posix --enable-__cxa_atexit --enable-clocale=gnu --enable-multilib --with-multilib-list=m32,m64 --disable-altivec --disable-fixed-point --enable-targets=all --disable-libgcj --enable-libgomp --disable-libmudflap --disable-libssp --disable-libcilkrts --enable-lto --without-cloog --enable-libsanitizer
Thread model: posix
gcc version 4.9.2 (Gentoo 4.9.2 p1.5, pie-0.6.2) 
configure:3135: $? = 0
configure:3124: gcc -V >&5
gcc: error: unrecognized command line option '-V'
gcc: fatal error: no input files
compilation terminated.
configure:3135: $? = 1
configure:3124: gcc -qversion >&5
gcc: error: unrecognized command line option '-qversion'
gcc: fatal error: no input files
compilation terminated.
configure:3135: $? = 1
configure:3155: checking whether the C compiler works
configure:3177: gcc    conftest.c  >&5
configure:3181: $? = 0
configure:3229: result: yes
configure:3232: checking for C compiler default output file name
configure:3234: result: a.out
configure:3240: checking for suffix of executables
configure:3247: gcc -o conftest    conftest.c  >&5
configure:3251: $? = 0
configure:3273: result: 
configure:3295: checking whether we are cross compiling
configure:3303: gcc -o conftest    conftest.c  >&5
configure:3307: $? = 0
configure:3314: ./conftest
configure:3318: $? = 0
configure:3333: result: no
configure:3338: checking for suffix of object files
configure:3360: gcc -c   conftest.c >&5
configure:3364: $? = 0
configure:3385: result: o
configure:3389: checking whether we are using the GNU C compiler
configure:3408: gcc -c   conftest.c >&5
configure:3408: $? = 0
configure:3417: result: yes
configure:3426: checking whether gcc accepts -g
configure:3446: gcc -c -g  conftest.c >&5
configure:3446: $? = 0
configure:3487: result: yes
configure:3504: checking for gcc option to accept ISO C89
configure:3567: gcc  -c -g -O2  conftest.c >&5
configure:3567: $? = 0
configure:3580: result: none needed
configure:3605: checking whether gcc understands -c and -o together
configure:3627: gcc -c conftest.c -o conftest2.o
configure:3630: $? = 0
configure:3627: gcc -c conftest.c -o conftest2.o
configure:3630: $? = 0
configure:3642: result: yes
configure:3670: checking for style of include used by make
configure:3698: result: GNU
configure:3724: checking dependency style of gcc
configure:3835: result: gcc3
configure:3854: checking for main in -lGL
configure:3873: gcc -o conftest -g -O2   conftest.c -lGL   >&5
configure:3873: $? = 0
configure:3882: result: yes
configure:3894: checking for main in -lOSMesa
configure:3913: gcc -o conftest -g -O2   conftest.c -lOSMesa  -lGL  >&5
configure:3913: $? = 0
configure:3922: result: yes
configure:3934: checking for main in -lpng
configure:3953: gcc -o conftest -g -O2   conftest.c -lpng  -lOSMesa -lGL  >&5
configure:3953: $? = 0
configure:3962: result: yes
configure:3980: checking how to run the C preprocessor
configure:4011: gcc -E  conftest.c
configure:4011: $? = 0
configure:4025: gcc -E  conftest.c
conftest.c:14:28: fatal error: ac_nonexistent.h: No such file or directory
 #include <ac_nonexistent.h>
                            ^
compilation terminated.
configure:4025: $? = 1
configure: failed program was:
| /* confdefs.h */
| #define PACKAGE_NAME "maze_offscreen"
| #define PACKAGE_TARNAME "maze_offscreen"
| #define PACKAGE_VERSION "0.8"
| #define PACKAGE_STRING "maze_offscreen 0.8"
| #define PACKAGE_BUGREPORT "BUG-REPORT-ADDRESS"
| #define PACKAGE_URL ""
| #define PACKAGE "maze_offscreen"
| #define VERSION "0.8"
| #define HAVE_LIBGL 1
| #define HAVE_LIBOSMESA 1
| #define HAVE_LIBPNG 1
| /* end confdefs.h.  */
| #include <ac_nonexistent.h>
configure:4050: result: gcc -E
configure:4070: gcc -E  conftest.c
configure:4070: $? = 0
configure:4084: gcc -E  conftest.c
conftest.c:14:28: fatal error: ac_nonexistent.h: No such file or directory
 #include <ac_nonexistent.h>
                            ^
compilation terminated.
configure:4084: $? = 1
configure: failed program was:
| /* confdefs.h */
| #define PACKAGE_NAME "maze_offscreen"
| #define PACKAGE_TARNAME "maze_offscreen"
| #define PACKAGE_VERSION "0.8"
| #define PACKAGE_STRING "maze_offscreen 0.8"
| #define PACKAGE_BUGREPORT "BUG-REPORT-ADDRESS"
| #define PACKAGE_URL ""
| #define PACKAGE "maze_offscreen"
| #define VERSION "0.8"
| #define HAVE_LIBGL 1
| #define HAVE_LIBOSMESA 1
| #define HAVE_LIBPNG 1
| /* end confdefs.h.  */
| #include <ac_nonexistent.h>
configure:4113: checking for grep that handles long lines and -e
configure:4171: result: /bin/grep
configure:4176: checking for egrep
configure:4238: result: /bin/grep -E
configure:4243: checking for ANSI C header files
configure:4263: gcc -c -g -O2  conftest.c >&5
configure:4263: $? = 0
configure:4336: gcc -o conftest -g -O2   conftest.c -lpng -lOSMesa -lGL  >&5
configure:4336: $? = 0
configure:4336: ./conftest
configure:4336: $? = 0
configure:4347: result: yes
configure:4360: checking for sys/types.h
configure:4360: gcc -c -g -O2  conftest.c >&5
configure:4360: $? = 0
configure:4360: result: yes
configure:4360: checking for sys/stat.h
configure:4360: gcc -c -g -O2  conftest.c >&5
configure:4360: $? = 0
configure:4360: result: yes
configure:4360: checking for stdlib.h
configure:4360: gcc -c -g -O2  conftest.c >&5
configure:4360: $? = 0
configure:4360: result: yes
configure:4360: checking for string.h
configure:4360: gcc -c -g -O2  conftest.c >&5
configure:4360: $? = 0
configure:4360: result: yes
configure:4360: checking for memory.h
configure:4360: gcc -c -g -O2  conftest.c >&5
configure:4360: $? = 0
configure:4360: result: yes
configure:4360: checking for strings.h
configure:4360: gcc -c -g -O2  conftest.c >&5
configure:4360: $? = 0
configure:4360: result: yes
configure:4360: checking for inttypes.h
configure:4360: gcc -c -g -O2  conftest.c >&5
configure:4360: $? = 0
configure:4360: result: yes
configure:4360: checking for stdint.h
configure:4360: gcc -c -g -O2  conftest.c >&5
configure:4360: $? = 0
configure:4360: result: yes
configure:4360: checking for unistd.h
configure:4360: gcc -c -g -O2  conftest.c >&5
configure:4360: $? = 0
configure:4360: result: yes
configure:4375: checking for stdlib.h
configure:4375: result: yes
configure:4375: checking for string.h
configure:4375: result: yes
configure:4375: checking sys/time.h usability
configure:4375: gcc -c -g -O2  conftest.c >&5
configure:4375: $? = 0
configure:4375: result: yes
configure:4375: checking sys/time.h presence
configure:4375: gcc -E  conftest.c
configure:4375: $? = 0
configure:4375: result: yes
configure:4375: checking for sys/time.h
configure:4375: result: yes
configure:4387: checking for uint8_t
configure:4387: gcc -c -g -O2  conftest.c >&5
configure:4387: $? = 0
configure:4387: result: yes
configure:4405: checking for stdlib.h
configure:4405: result: yes
configure:4415: checking for GNU libc compatible malloc
configure:4439: gcc -o conftest -g -O2   conftest.c -lpng -lOSMesa -lGL  >&5
configure:4439: $? = 0
configure:4439: ./conftest
configure:4439: $? = 0
configure:4449: result: yes
configure:4473: checking for gettimeofday
configure:4473: gcc -o conftest -g -O2   conftest.c -lpng -lOSMesa -lGL  >&5
configure:4473: $? = 0
configure:4473: result: yes
configure:4473: checking for memset
configure:4473: gcc -o conftest -g -O2   conftest.c -lpng -lOSMesa -lGL  >&5
conftest.c:53:6: warning: conflicting types for built-in function 'memset'
 char memset ();
      ^
configure:4473: $? = 0
configure:4473: result: yes
configure:4596: checking that generated files are newer than configure
configure:4602: result: done
configure:4625: creating ./config.status

## ---------------------- ##
## Running config.status. ##
## ---------------------- ##

This file was extended by maze_offscreen config.status 0.8, which was
generated by GNU Autoconf 2.69.  Invocation command line was

  CONFIG_FILES    = 
  CONFIG_HEADERS  = 
  CONFIG_LINKS    = 
  CONFIG_COMMANDS = 
  $ ./config.status 

on ponybook

config.status:863: creating Makefile
config.status:863: creating src/Makefile
config.status:863: creating config.h
config.status:1077: executing depfiles commands

## ---------------- ##
## Cache variables. ##
## ---------------- ##

ac_cv_c_compiler_gnu=yes
ac_cv_c_uint8_t=yes
ac_cv_env_CC_set=
ac_cv_env_CC_value=
ac_cv_env_CFLAGS_set=
ac_cv_env_CFLAGS_value=
ac_cv_env_CPPFLAGS_set=
ac_cv_env_CPPFLAGS_value=
ac_cv_env_CPP_set=
ac_cv_env_CPP_value=
ac_cv_env_LDFLAGS_set=
ac_cv_env_LDFLAGS_value=
ac_cv_env_LIBS_set=
ac_cv_env_LIBS_value=
ac_cv_env_build_alias_set=
ac_cv_env_build_alias_value=
ac_cv_env_host_alias_set=
ac_cv_env_host_alias_value=
ac_cv_env_target_alias_set=
ac_cv_env_target_alias_value=
ac_cv_func_gettimeofday=yes
ac_cv_func_malloc_0_nonnull=yes
ac_cv_func_memset=yes
ac_cv_header_inttypes_h=yes
ac_cv_header_memory_h=yes
ac_cv_header_stdc=yes
ac_cv_header_stdint_h=yes
ac_cv_header_stdlib_h=yes
ac_cv_header_string_h=yes
ac_cv_header_strings_h=yes
ac_cv_header_sys_stat_h=yes
ac_cv_header_sys_time_h=yes
ac_cv_header_sys_types_h=yes
ac_cv_header_unistd_h=yes
ac_cv_lib_GL_main=yes
ac_cv_lib_OSMesa_main=yes
ac_cv_lib_png_main=yes
ac_cv_objext=o
ac_cv_path_EGREP='/bin/grep -E'
ac_cv_path_GREP=/bin/grep
ac_cv_path_install='/usr/bin/install -c'
ac_cv_path_mkdir=/bin/mkdir
ac_cv_prog_AWK=gawk
ac_cv_prog_CPP='gcc -E'
ac_cv_prog_ac_ct_CC=gcc
ac_cv_prog_cc_c89=
ac_cv_prog_cc_g=yes
ac_cv_prog_make_make_set=yes
am_cv_CC_dependencies_compiler_type=gcc3
am_cv_make_support_nested_variables=yes
am_cv_prog_cc_c_o=yes

## ----------------- ##
## Output variables. ##
## ----------------- ##

ACLOCAL='${SHELL} /home/mike/dev/labs/practice/labyrinth_offscreen/missing aclocal-1.15'
AMDEPBACKSLASH='\'
AMDEP_FALSE='#'
AMDEP_TRUE=''
AMTAR='$${TAR-tar}'
AM_BACKSLASH='\'
AM_DEFAULT_V='$(AM_DEFAULT_VERBOSITY)'
AM_DEFAULT_VERBOSITY='1'
AM_V='$(V)'
AUTOCONF='${SHELL} /home/mike/dev/labs/practice/labyrinth_offscreen/missing autoconf'
AUTOHEADER='${SHELL} /home/mike/dev/labs/practice/labyrinth_offscreen/missing autoheader'
AUTOMAKE='${SHELL} /home/mike/dev/labs/practice/labyrinth_offscreen/missing automake-1.15'
AWK='gawk'
CC='gcc'
CCDEPMODE='depmode=gcc3'
CFLAGS='-g -O2'
CPP='gcc -E'
CPPFLAGS=''
CYGPATH_W='echo'
DEFS='-DHAVE_CONFIG_H'
DEPDIR='.deps'
ECHO_C=''
ECHO_N='-n'
ECHO_T=''
EGREP='/bin/grep -E'
EXEEXT=''
GREP='/bin/grep'
INSTALL_DATA='${INSTALL} -m 644'
INSTALL_PROGRAM='${INSTALL}'
INSTALL_SCRIPT='${INSTALL}'
INSTALL_STRIP_PROGRAM='$(install_sh) -c -s'
LDFLAGS=''
LIBOBJS=''
LIBS='-lpng -lOSMesa -lGL '
LTLIBOBJS=''
MAKEINFO='${SHELL} /home/mike/dev/labs/practice/labyrinth_offscreen/missing makeinfo'
MKDIR_P='/bin/mkdir -p'
OBJEXT='o'
PACKAGE='maze_offscreen'
PACKAGE_BUGREPORT='BUG-REPORT-ADDRESS'
PACKAGE_NAME='maze_offscreen'
PACKAGE_STRING='maze_offscreen 0.8'
PACKAGE_TARNAME='maze_offscreen'
PACKAGE_URL=''
PACKAGE_VERSION='0.8'
PATH_SEPARATOR=':'
SET_MAKE=''
SHELL='/bin/sh'
STRIP=''
VERSION='0.8'
ac_ct_CC='gcc'
am__EXEEXT_FALSE=''
am__EXEEXT_TRUE='#'
am__fastdepCC_FALSE='#'
am__fastdepCC_TRUE=''
am__include='include'
am__isrc=' -I$(srcdir)'
am__leading_dot='.'
am__nodep='_no'
am__quote=''
am__tar='$${TAR-tar} chof - "$$tardir"'
am__untar='$${TAR-tar} xf -'
bindir='${exec_prefix}/bin'
build_alias=''
datadir='${datarootdir}'
datarootdir='${prefix}/share'
docdir='${datarootdir}/doc/${PACKAGE_TARNAME}'
dvidir='${docdir}'
exec_prefix='${prefix}'
host_alias=''
htmldir='${docdir}'
includedir='${prefix}/include'
infodir='${datarootdir}/info'
install_sh='${SHELL} /home/mike/dev/labs/practice/labyrinth_offscreen/install-sh'
libdir='${exec_prefix}/lib'
libexecdir='${exec_prefix}/libexec'
localedir='${datarootdir}/locale'
localstatedir='${prefix}/var'
mandir='${datarootdir}/man'
mkdir_p='$(MKDIR_P)'
oldincludedir='/usr/include'
pdfdir='${docdir}'
prefix='/usr/local'
program_transform_name='s,x,x,'
psdir='${docdir}'
sbindir='${exec_prefix}/sbin'
sharedstatedir='${prefix}/com'
sysconfdir='${prefix}/etc'
target_alias=''

## ----------- ##
## confdefs.h. ##
## ----------- ##

/* confdefs.h */
#define PACKAGE_NAME "maze_offscreen"
#define PACKAGE_TARNAME "maze_offscreen"
#define PACKAGE_VERSION "0.8"
#define PACKAGE_STRING "maze_offscreen 0.8"
#define PACKAGE_BUGREPORT "BUG-REPORT-ADDRESS"
#define PACKAGE_URL ""
#define PACKAGE "maze_offscreen"
#define VERSION "0.8"
#define HAVE_LIBGL 1
#define HAVE_LIBOSMESA 1
#define HAVE_LIBPNG 1
#define STDC_HEADERS 1
#define HAVE_SYS_TYPES_H 1
#define HAVE_SYS_STAT_H 1
#define HAVE_STDLIB_H 1
#define HAVE_STRING_H 1
#define HAVE_MEMORY_H 1
#define HAVE_STRINGS_H 1
#define HAVE_INTTYPES_H 1
#define HAVE_STDINT_H 1
#define HAVE_UNISTD_H 1
#define HAVE_STDLIB_H 1
#define HAVE_STRING_H 1
#define HAVE_SYS_TIME_H 1
#define HAVE_STDLIB_H 1
#define HAVE_MALLOC 1
#define HAVE_GETTIMEOFDAY 1
#define HAVE_MEMSET 1

configure: exit 0

## ---------------------- ##
## Running config.status. ##
## ---------------------- ##

This file was extended by maze_offscreen config.status 0.8, which was
generated by GNU Autoconf 2.69.  Invocation command line was

  CONFIG_FILES    = 
  CONFIG_HEADERS  = 
  CONFIG_LINKS    = 
  CONFIG_COMMANDS = 
  $ ./config.status config.h

on ponybook

config.status:863: creating config.h
